Analysis & Synthesis report for ALU16
Tue May 30 10:57:30 2023
Quartus Prime Version 19.1.0 Build 670 09/22/2019 SJ Lite Edition


---------------------
; Table of Contents ;
---------------------
  1. Legal Notice
  2. Analysis & Synthesis Summary
  3. Analysis & Synthesis Settings
  4. Parallel Compilation
  5. Analysis & Synthesis Source Files Read
  6. Analysis & Synthesis Resource Usage Summary
  7. Analysis & Synthesis Resource Utilization by Entity
  8. General Register Statistics
  9. Port Connectivity Checks: "alu:A15"
 10. Port Connectivity Checks: "cc:C15"
 11. Port Connectivity Checks: "cc:C14"
 12. Port Connectivity Checks: "cc:C13"
 13. Port Connectivity Checks: "cc:C12"
 14. Port Connectivity Checks: "cc:C11"
 15. Port Connectivity Checks: "cc:C10"
 16. Port Connectivity Checks: "cc:C9"
 17. Port Connectivity Checks: "cc:C8"
 18. Port Connectivity Checks: "cc:C7"
 19. Port Connectivity Checks: "cc:C6"
 20. Port Connectivity Checks: "cc:C5"
 21. Port Connectivity Checks: "cc:C4"
 22. Port Connectivity Checks: "cc:C3"
 23. Port Connectivity Checks: "cc:C2"
 24. Port Connectivity Checks: "cc:C1"
 25. Analysis & Synthesis Messages



----------------
; Legal Notice ;
----------------
Copyright (C) 2019  Intel Corporation. All rights reserved.
Your use of Intel Corporation's design tools, logic functions 
and other software and tools, and any partner logic 
functions, and any output files from any of the foregoing 
(including device programming or simulation files), and any 
associated documentation or information are expressly subject 
to the terms and conditions of the Intel Program License 
Subscription Agreement, the Intel Quartus Prime License Agreement,
the Intel FPGA IP License Agreement, or other applicable license
agreement, including, without limitation, that your use is for
the sole purpose of programming logic devices manufactured by
Intel and sold by Intel or its authorized distributors.  Please
refer to the applicable agreement for further details, at
https://fpgasoftware.intel.com/eula.



+---------------------------------------------------------------------------+
; Analysis & Synthesis Summary                                              ;
+-----------------------------+---------------------------------------------+
; Analysis & Synthesis Status ; Successful - Tue May 30 10:57:30 2023       ;
; Quartus Prime Version       ; 19.1.0 Build 670 09/22/2019 SJ Lite Edition ;
; Revision Name               ; ALU16                                       ;
; Top-level Entity Name       ; ALU16                                       ;
; Family                      ; MAX V                                       ;
; Total logic elements        ; 110                                         ;
; Total pins                  ; 98                                          ;
; Total virtual pins          ; 0                                           ;
; UFM blocks                  ; 0 / 1 ( 0 % )                               ;
+-----------------------------+---------------------------------------------+


+------------------------------------------------------------------------------------------------------------+
; Analysis & Synthesis Settings                                                                              ;
+------------------------------------------------------------------+--------------------+--------------------+
; Option                                                           ; Setting            ; Default Value      ;
+------------------------------------------------------------------+--------------------+--------------------+
; Top-level entity name                                            ; ALU16              ; ALU16              ;
; Family name                                                      ; MAX V              ; Cyclone V          ;
; Use smart compilation                                            ; Off                ; Off                ;
; Enable parallel Assembler and Timing Analyzer during compilation ; On                 ; On                 ;
; Enable compact report table                                      ; Off                ; Off                ;
; Restructure Multiplexers                                         ; Auto               ; Auto               ;
; Create Debugging Nodes for IP Cores                              ; Off                ; Off                ;
; Preserve fewer node names                                        ; On                 ; On                 ;
; Intel FPGA IP Evaluation Mode                                    ; Enable             ; Enable             ;
; Verilog Version                                                  ; Verilog_2001       ; Verilog_2001       ;
; VHDL Version                                                     ; VHDL_1993          ; VHDL_1993          ;
; State Machine Processing                                         ; Auto               ; Auto               ;
; Safe State Machine                                               ; Off                ; Off                ;
; Extract Verilog State Machines                                   ; On                 ; On                 ;
; Extract VHDL State Machines                                      ; On                 ; On                 ;
; Ignore Verilog initial constructs                                ; Off                ; Off                ;
; Iteration limit for constant Verilog loops                       ; 5000               ; 5000               ;
; Iteration limit for non-constant Verilog loops                   ; 250                ; 250                ;
; Add Pass-Through Logic to Inferred RAMs                          ; On                 ; On                 ;
; Infer RAMs from Raw Logic                                        ; On                 ; On                 ;
; Parallel Synthesis                                               ; On                 ; On                 ;
; NOT Gate Push-Back                                               ; On                 ; On                 ;
; Power-Up Don't Care                                              ; On                 ; On                 ;
; Remove Redundant Logic Cells                                     ; Off                ; Off                ;
; Remove Duplicate Registers                                       ; On                 ; On                 ;
; Ignore CARRY Buffers                                             ; Off                ; Off                ;
; Ignore CASCADE Buffers                                           ; Off                ; Off                ;
; Ignore GLOBAL Buffers                                            ; Off                ; Off                ;
; Ignore ROW GLOBAL Buffers                                        ; Off                ; Off                ;
; Ignore LCELL Buffers                                             ; Off                ; Off                ;
; Ignore SOFT Buffers                                              ; On                 ; On                 ;
; Limit AHDL Integers to 32 Bits                                   ; Off                ; Off                ;
; Optimization Technique                                           ; Balanced           ; Balanced           ;
; Carry Chain Length                                               ; 70                 ; 70                 ;
; Auto Carry Chains                                                ; On                 ; On                 ;
; Auto Open-Drain Pins                                             ; On                 ; On                 ;
; Perform WYSIWYG Primitive Resynthesis                            ; Off                ; Off                ;
; Auto Shift Register Replacement                                  ; Auto               ; Auto               ;
; Allow Shift Register Merging across Hierarchies                  ; Auto               ; Auto               ;
; Auto Clock Enable Replacement                                    ; On                 ; On                 ;
; Allow Synchronous Control Signals                                ; On                 ; On                 ;
; Force Use of Synchronous Clear Signals                           ; Off                ; Off                ;
; Auto Resource Sharing                                            ; Off                ; Off                ;
; Use LogicLock Constraints during Resource Balancing              ; On                 ; On                 ;
; Ignore translate_off and synthesis_off directives                ; Off                ; Off                ;
; Report Parameter Settings                                        ; On                 ; On                 ;
; Report Source Assignments                                        ; On                 ; On                 ;
; Report Connectivity Checks                                       ; On                 ; On                 ;
; Ignore Maximum Fan-Out Assignments                               ; Off                ; Off                ;
; Synchronization Register Chain Length                            ; 2                  ; 2                  ;
; Power Optimization During Synthesis                              ; Normal compilation ; Normal compilation ;
; HDL message level                                                ; Level2             ; Level2             ;
; Suppress Register Optimization Related Messages                  ; Off                ; Off                ;
; Number of Removed Registers Reported in Synthesis Report         ; 5000               ; 5000               ;
; Number of Swept Nodes Reported in Synthesis Report               ; 5000               ; 5000               ;
; Number of Inverted Registers Reported in Synthesis Report        ; 100                ; 100                ;
; Clock MUX Protection                                             ; On                 ; On                 ;
; Block Design Naming                                              ; Auto               ; Auto               ;
; Synthesis Effort                                                 ; Auto               ; Auto               ;
; Shift Register Replacement - Allow Asynchronous Clear Signal     ; On                 ; On                 ;
; Analysis & Synthesis Message Level                               ; Medium             ; Medium             ;
; Disable Register Merging Across Hierarchies                      ; Auto               ; Auto               ;
+------------------------------------------------------------------+--------------------+--------------------+


+------------------------------------------+
; Parallel Compilation                     ;
+----------------------------+-------------+
; Processors                 ; Number      ;
+----------------------------+-------------+
; Number detected on machine ; 2           ;
; Maximum allowed            ; 2           ;
;                            ;             ;
; Average used               ; 1.00        ;
; Maximum used               ; 1           ;
;                            ;             ;
; Usage by Processor         ; % Time Used ;
;     Processor 1            ; 100.0%      ;
+----------------------------+-------------+


+------------------------------------------------------------------------------------------------------------------------------------------+
; Analysis & Synthesis Source Files Read                                                                                                   ;
+----------------------------------+-----------------+-----------------+---------------------------------------------------------+---------+
; File Name with User-Entered Path ; Used in Netlist ; File Type       ; File Name with Absolute Path                            ; Library ;
+----------------------------------+-----------------+-----------------+---------------------------------------------------------+---------+
; ALU16.vhd                        ; yes             ; User VHDL File  ; /home/ubuntu/QuartusProjects/Task2/P2/ALU16.vhd         ;         ;
; my_components.vhd                ; yes             ; User VHDL File  ; /home/ubuntu/QuartusProjects/Task2/P2/my_components.vhd ;         ;
+----------------------------------+-----------------+-----------------+---------------------------------------------------------+---------+


+-----------------------------------------------------------+
; Analysis & Synthesis Resource Usage Summary               ;
+---------------------------------------------+-------------+
; Resource                                    ; Usage       ;
+---------------------------------------------+-------------+
; Total logic elements                        ; 110         ;
;     -- Combinational with no register       ; 110         ;
;     -- Register only                        ; 0           ;
;     -- Combinational with a register        ; 0           ;
;                                             ;             ;
; Logic element usage by number of LUT inputs ;             ;
;     -- 4 input functions                    ; 78          ;
;     -- 3 input functions                    ; 32          ;
;     -- 2 input functions                    ; 0           ;
;     -- 1 input functions                    ; 0           ;
;     -- 0 input functions                    ; 0           ;
;                                             ;             ;
; Logic elements by mode                      ;             ;
;     -- normal mode                          ; 110         ;
;     -- arithmetic mode                      ; 0           ;
;     -- qfbk mode                            ; 0           ;
;     -- register cascade mode                ; 0           ;
;     -- synchronous clear/load mode          ; 0           ;
;     -- asynchronous clear/load mode         ; 0           ;
;                                             ;             ;
; Total registers                             ; 0           ;
; I/O pins                                    ; 98          ;
; Maximum fan-out node                        ; control[46] ;
; Maximum fan-out                             ; 5           ;
; Total fan-out                               ; 424         ;
; Average fan-out                             ; 2.04        ;
+---------------------------------------------+-------------+


+------------------------------------------------------------------------------------------------------------------------------------------------------------------------------------------------------------------------------------------------------+
; Analysis & Synthesis Resource Utilization by Entity                                                                                                                                                                                                  ;
+------------------------------+-------------+--------------+------------+------+--------------+--------------+-------------------+------------------+-----------------+------------+-------------------------------------+-------------+--------------+
; Compilation Hierarchy Node   ; Logic Cells ; LC Registers ; UFM Blocks ; Pins ; Virtual Pins ; LUT-Only LCs ; Register-Only LCs ; LUT/Register LCs ; Carry Chain LCs ; Packed LCs ; Full Hierarchy Name                 ; Entity Name ; Library Name ;
+------------------------------+-------------+--------------+------------+------+--------------+--------------+-------------------+------------------+-----------------+------------+-------------------------------------+-------------+--------------+
; |ALU16                       ; 110 (0)     ; 0            ; 0          ; 98   ; 0            ; 110 (0)      ; 0 (0)             ; 0 (0)            ; 0 (0)           ; 0 (0)      ; |ALU16                              ; ALU16       ; work         ;
;    |alu:A0|                  ; 5 (0)       ; 0            ; 0          ; 0    ; 0            ; 5 (0)        ; 0 (0)             ; 0 (0)            ; 0 (0)           ; 0 (0)      ; |ALU16|alu:A0                       ; alu         ; work         ;
;       |adder1bit:Adder_1bit| ; 2 (2)       ; 0            ; 0          ; 0    ; 0            ; 2 (2)        ; 0 (0)             ; 0 (0)            ; 0 (0)           ; 0 (0)      ; |ALU16|alu:A0|adder1bit:Adder_1bit  ; adder1bit   ; work         ;
;       |mul_4:Output_Mux|     ; 3 (3)       ; 0            ; 0          ; 0    ; 0            ; 3 (3)        ; 0 (0)             ; 0 (0)            ; 0 (0)           ; 0 (0)      ; |ALU16|alu:A0|mul_4:Output_Mux      ; mul_4       ; work         ;
;    |alu:A10|                 ; 6 (0)       ; 0            ; 0          ; 0    ; 0            ; 6 (0)        ; 0 (0)             ; 0 (0)            ; 0 (0)           ; 0 (0)      ; |ALU16|alu:A10                      ; alu         ; work         ;
;       |adder1bit:Adder_1bit| ; 2 (2)       ; 0            ; 0          ; 0    ; 0            ; 2 (2)        ; 0 (0)             ; 0 (0)            ; 0 (0)           ; 0 (0)      ; |ALU16|alu:A10|adder1bit:Adder_1bit ; adder1bit   ; work         ;
;       |mul_4:Output_Mux|     ; 4 (4)       ; 0            ; 0          ; 0    ; 0            ; 4 (4)        ; 0 (0)             ; 0 (0)            ; 0 (0)           ; 0 (0)      ; |ALU16|alu:A10|mul_4:Output_Mux     ; mul_4       ; work         ;
;    |alu:A11|                 ; 6 (0)       ; 0            ; 0          ; 0    ; 0            ; 6 (0)        ; 0 (0)             ; 0 (0)            ; 0 (0)           ; 0 (0)      ; |ALU16|alu:A11                      ; alu         ; work         ;
;       |adder1bit:Adder_1bit| ; 2 (2)       ; 0            ; 0          ; 0    ; 0            ; 2 (2)        ; 0 (0)             ; 0 (0)            ; 0 (0)           ; 0 (0)      ; |ALU16|alu:A11|adder1bit:Adder_1bit ; adder1bit   ; work         ;
;       |mul_4:Output_Mux|     ; 4 (4)       ; 0            ; 0          ; 0    ; 0            ; 4 (4)        ; 0 (0)             ; 0 (0)            ; 0 (0)           ; 0 (0)      ; |ALU16|alu:A11|mul_4:Output_Mux     ; mul_4       ; work         ;
;    |alu:A12|                 ; 6 (0)       ; 0            ; 0          ; 0    ; 0            ; 6 (0)        ; 0 (0)             ; 0 (0)            ; 0 (0)           ; 0 (0)      ; |ALU16|alu:A12                      ; alu         ; work         ;
;       |adder1bit:Adder_1bit| ; 2 (2)       ; 0            ; 0          ; 0    ; 0            ; 2 (2)        ; 0 (0)             ; 0 (0)            ; 0 (0)           ; 0 (0)      ; |ALU16|alu:A12|adder1bit:Adder_1bit ; adder1bit   ; work         ;
;       |mul_4:Output_Mux|     ; 4 (4)       ; 0            ; 0          ; 0    ; 0            ; 4 (4)        ; 0 (0)             ; 0 (0)            ; 0 (0)           ; 0 (0)      ; |ALU16|alu:A12|mul_4:Output_Mux     ; mul_4       ; work         ;
;    |alu:A13|                 ; 6 (0)       ; 0            ; 0          ; 0    ; 0            ; 6 (0)        ; 0 (0)             ; 0 (0)            ; 0 (0)           ; 0 (0)      ; |ALU16|alu:A13                      ; alu         ; work         ;
;       |adder1bit:Adder_1bit| ; 2 (2)       ; 0            ; 0          ; 0    ; 0            ; 2 (2)        ; 0 (0)             ; 0 (0)            ; 0 (0)           ; 0 (0)      ; |ALU16|alu:A13|adder1bit:Adder_1bit ; adder1bit   ; work         ;
;       |mul_4:Output_Mux|     ; 4 (4)       ; 0            ; 0          ; 0    ; 0            ; 4 (4)        ; 0 (0)             ; 0 (0)            ; 0 (0)           ; 0 (0)      ; |ALU16|alu:A13|mul_4:Output_Mux     ; mul_4       ; work         ;
;    |alu:A14|                 ; 6 (0)       ; 0            ; 0          ; 0    ; 0            ; 6 (0)        ; 0 (0)             ; 0 (0)            ; 0 (0)           ; 0 (0)      ; |ALU16|alu:A14                      ; alu         ; work         ;
;       |adder1bit:Adder_1bit| ; 2 (2)       ; 0            ; 0          ; 0    ; 0            ; 2 (2)        ; 0 (0)             ; 0 (0)            ; 0 (0)           ; 0 (0)      ; |ALU16|alu:A14|adder1bit:Adder_1bit ; adder1bit   ; work         ;
;       |mul_4:Output_Mux|     ; 4 (4)       ; 0            ; 0          ; 0    ; 0            ; 4 (4)        ; 0 (0)             ; 0 (0)            ; 0 (0)           ; 0 (0)      ; |ALU16|alu:A14|mul_4:Output_Mux     ; mul_4       ; work         ;
;    |alu:A15|                 ; 6 (0)       ; 0            ; 0          ; 0    ; 0            ; 6 (0)        ; 0 (0)             ; 0 (0)            ; 0 (0)           ; 0 (0)      ; |ALU16|alu:A15                      ; alu         ; work         ;
;       |adder1bit:Adder_1bit| ; 1 (1)       ; 0            ; 0          ; 0    ; 0            ; 1 (1)        ; 0 (0)             ; 0 (0)            ; 0 (0)           ; 0 (0)      ; |ALU16|alu:A15|adder1bit:Adder_1bit ; adder1bit   ; work         ;
;       |mul_4:Output_Mux|     ; 4 (4)       ; 0            ; 0          ; 0    ; 0            ; 4 (4)        ; 0 (0)             ; 0 (0)            ; 0 (0)           ; 0 (0)      ; |ALU16|alu:A15|mul_4:Output_Mux     ; mul_4       ; work         ;
;       |mul_X_Xinv:mulB|      ; 1 (1)       ; 0            ; 0          ; 0    ; 0            ; 1 (1)        ; 0 (0)             ; 0 (0)            ; 0 (0)           ; 0 (0)      ; |ALU16|alu:A15|mul_X_Xinv:mulB      ; mul_X_Xinv  ; work         ;
;    |alu:A1|                  ; 6 (0)       ; 0            ; 0          ; 0    ; 0            ; 6 (0)        ; 0 (0)             ; 0 (0)            ; 0 (0)           ; 0 (0)      ; |ALU16|alu:A1                       ; alu         ; work         ;
;       |adder1bit:Adder_1bit| ; 2 (2)       ; 0            ; 0          ; 0    ; 0            ; 2 (2)        ; 0 (0)             ; 0 (0)            ; 0 (0)           ; 0 (0)      ; |ALU16|alu:A1|adder1bit:Adder_1bit  ; adder1bit   ; work         ;
;       |mul_4:Output_Mux|     ; 4 (4)       ; 0            ; 0          ; 0    ; 0            ; 4 (4)        ; 0 (0)             ; 0 (0)            ; 0 (0)           ; 0 (0)      ; |ALU16|alu:A1|mul_4:Output_Mux      ; mul_4       ; work         ;
;    |alu:A2|                  ; 6 (0)       ; 0            ; 0          ; 0    ; 0            ; 6 (0)        ; 0 (0)             ; 0 (0)            ; 0 (0)           ; 0 (0)      ; |ALU16|alu:A2                       ; alu         ; work         ;
;       |adder1bit:Adder_1bit| ; 2 (2)       ; 0            ; 0          ; 0    ; 0            ; 2 (2)        ; 0 (0)             ; 0 (0)            ; 0 (0)           ; 0 (0)      ; |ALU16|alu:A2|adder1bit:Adder_1bit  ; adder1bit   ; work         ;
;       |mul_4:Output_Mux|     ; 4 (4)       ; 0            ; 0          ; 0    ; 0            ; 4 (4)        ; 0 (0)             ; 0 (0)            ; 0 (0)           ; 0 (0)      ; |ALU16|alu:A2|mul_4:Output_Mux      ; mul_4       ; work         ;
;    |alu:A3|                  ; 6 (0)       ; 0            ; 0          ; 0    ; 0            ; 6 (0)        ; 0 (0)             ; 0 (0)            ; 0 (0)           ; 0 (0)      ; |ALU16|alu:A3                       ; alu         ; work         ;
;       |adder1bit:Adder_1bit| ; 2 (2)       ; 0            ; 0          ; 0    ; 0            ; 2 (2)        ; 0 (0)             ; 0 (0)            ; 0 (0)           ; 0 (0)      ; |ALU16|alu:A3|adder1bit:Adder_1bit  ; adder1bit   ; work         ;
;       |mul_4:Output_Mux|     ; 4 (4)       ; 0            ; 0          ; 0    ; 0            ; 4 (4)        ; 0 (0)             ; 0 (0)            ; 0 (0)           ; 0 (0)      ; |ALU16|alu:A3|mul_4:Output_Mux      ; mul_4       ; work         ;
;    |alu:A4|                  ; 6 (0)       ; 0            ; 0          ; 0    ; 0            ; 6 (0)        ; 0 (0)             ; 0 (0)            ; 0 (0)           ; 0 (0)      ; |ALU16|alu:A4                       ; alu         ; work         ;
;       |adder1bit:Adder_1bit| ; 2 (2)       ; 0            ; 0          ; 0    ; 0            ; 2 (2)        ; 0 (0)             ; 0 (0)            ; 0 (0)           ; 0 (0)      ; |ALU16|alu:A4|adder1bit:Adder_1bit  ; adder1bit   ; work         ;
;       |mul_4:Output_Mux|     ; 4 (4)       ; 0            ; 0          ; 0    ; 0            ; 4 (4)        ; 0 (0)             ; 0 (0)            ; 0 (0)           ; 0 (0)      ; |ALU16|alu:A4|mul_4:Output_Mux      ; mul_4       ; work         ;
;    |alu:A5|                  ; 6 (0)       ; 0            ; 0          ; 0    ; 0            ; 6 (0)        ; 0 (0)             ; 0 (0)            ; 0 (0)           ; 0 (0)      ; |ALU16|alu:A5                       ; alu         ; work         ;
;       |adder1bit:Adder_1bit| ; 2 (2)       ; 0            ; 0          ; 0    ; 0            ; 2 (2)        ; 0 (0)             ; 0 (0)            ; 0 (0)           ; 0 (0)      ; |ALU16|alu:A5|adder1bit:Adder_1bit  ; adder1bit   ; work         ;
;       |mul_4:Output_Mux|     ; 4 (4)       ; 0            ; 0          ; 0    ; 0            ; 4 (4)        ; 0 (0)             ; 0 (0)            ; 0 (0)           ; 0 (0)      ; |ALU16|alu:A5|mul_4:Output_Mux      ; mul_4       ; work         ;
;    |alu:A6|                  ; 6 (0)       ; 0            ; 0          ; 0    ; 0            ; 6 (0)        ; 0 (0)             ; 0 (0)            ; 0 (0)           ; 0 (0)      ; |ALU16|alu:A6                       ; alu         ; work         ;
;       |adder1bit:Adder_1bit| ; 2 (2)       ; 0            ; 0          ; 0    ; 0            ; 2 (2)        ; 0 (0)             ; 0 (0)            ; 0 (0)           ; 0 (0)      ; |ALU16|alu:A6|adder1bit:Adder_1bit  ; adder1bit   ; work         ;
;       |mul_4:Output_Mux|     ; 4 (4)       ; 0            ; 0          ; 0    ; 0            ; 4 (4)        ; 0 (0)             ; 0 (0)            ; 0 (0)           ; 0 (0)      ; |ALU16|alu:A6|mul_4:Output_Mux      ; mul_4       ; work         ;
;    |alu:A7|                  ; 6 (0)       ; 0            ; 0          ; 0    ; 0            ; 6 (0)        ; 0 (0)             ; 0 (0)            ; 0 (0)           ; 0 (0)      ; |ALU16|alu:A7                       ; alu         ; work         ;
;       |adder1bit:Adder_1bit| ; 2 (2)       ; 0            ; 0          ; 0    ; 0            ; 2 (2)        ; 0 (0)             ; 0 (0)            ; 0 (0)           ; 0 (0)      ; |ALU16|alu:A7|adder1bit:Adder_1bit  ; adder1bit   ; work         ;
;       |mul_4:Output_Mux|     ; 4 (4)       ; 0            ; 0          ; 0    ; 0            ; 4 (4)        ; 0 (0)             ; 0 (0)            ; 0 (0)           ; 0 (0)      ; |ALU16|alu:A7|mul_4:Output_Mux      ; mul_4       ; work         ;
;    |alu:A8|                  ; 6 (0)       ; 0            ; 0          ; 0    ; 0            ; 6 (0)        ; 0 (0)             ; 0 (0)            ; 0 (0)           ; 0 (0)      ; |ALU16|alu:A8                       ; alu         ; work         ;
;       |adder1bit:Adder_1bit| ; 2 (2)       ; 0            ; 0          ; 0    ; 0            ; 2 (2)        ; 0 (0)             ; 0 (0)            ; 0 (0)           ; 0 (0)      ; |ALU16|alu:A8|adder1bit:Adder_1bit  ; adder1bit   ; work         ;
;       |mul_4:Output_Mux|     ; 4 (4)       ; 0            ; 0          ; 0    ; 0            ; 4 (4)        ; 0 (0)             ; 0 (0)            ; 0 (0)           ; 0 (0)      ; |ALU16|alu:A8|mul_4:Output_Mux      ; mul_4       ; work         ;
;    |alu:A9|                  ; 6 (0)       ; 0            ; 0          ; 0    ; 0            ; 6 (0)        ; 0 (0)             ; 0 (0)            ; 0 (0)           ; 0 (0)      ; |ALU16|alu:A9                       ; alu         ; work         ;
;       |adder1bit:Adder_1bit| ; 2 (2)       ; 0            ; 0          ; 0    ; 0            ; 2 (2)        ; 0 (0)             ; 0 (0)            ; 0 (0)           ; 0 (0)      ; |ALU16|alu:A9|adder1bit:Adder_1bit  ; adder1bit   ; work         ;
;       |mul_4:Output_Mux|     ; 4 (4)       ; 0            ; 0          ; 0    ; 0            ; 4 (4)        ; 0 (0)             ; 0 (0)            ; 0 (0)           ; 0 (0)      ; |ALU16|alu:A9|mul_4:Output_Mux      ; mul_4       ; work         ;
;    |cc:C10|                  ; 1 (1)       ; 0            ; 0          ; 0    ; 0            ; 1 (1)        ; 0 (0)             ; 0 (0)            ; 0 (0)           ; 0 (0)      ; |ALU16|cc:C10                       ; cc          ; work         ;
;    |cc:C11|                  ; 1 (1)       ; 0            ; 0          ; 0    ; 0            ; 1 (1)        ; 0 (0)             ; 0 (0)            ; 0 (0)           ; 0 (0)      ; |ALU16|cc:C11                       ; cc          ; work         ;
;    |cc:C12|                  ; 1 (1)       ; 0            ; 0          ; 0    ; 0            ; 1 (1)        ; 0 (0)             ; 0 (0)            ; 0 (0)           ; 0 (0)      ; |ALU16|cc:C12                       ; cc          ; work         ;
;    |cc:C13|                  ; 1 (1)       ; 0            ; 0          ; 0    ; 0            ; 1 (1)        ; 0 (0)             ; 0 (0)            ; 0 (0)           ; 0 (0)      ; |ALU16|cc:C13                       ; cc          ; work         ;
;    |cc:C14|                  ; 1 (1)       ; 0            ; 0          ; 0    ; 0            ; 1 (1)        ; 0 (0)             ; 0 (0)            ; 0 (0)           ; 0 (0)      ; |ALU16|cc:C14                       ; cc          ; work         ;
;    |cc:C15|                  ; 1 (1)       ; 0            ; 0          ; 0    ; 0            ; 1 (1)        ; 0 (0)             ; 0 (0)            ; 0 (0)           ; 0 (0)      ; |ALU16|cc:C15                       ; cc          ; work         ;
;    |cc:C1|                   ; 1 (1)       ; 0            ; 0          ; 0    ; 0            ; 1 (1)        ; 0 (0)             ; 0 (0)            ; 0 (0)           ; 0 (0)      ; |ALU16|cc:C1                        ; cc          ; work         ;
;    |cc:C2|                   ; 1 (1)       ; 0            ; 0          ; 0    ; 0            ; 1 (1)        ; 0 (0)             ; 0 (0)            ; 0 (0)           ; 0 (0)      ; |ALU16|cc:C2                        ; cc          ; work         ;
;    |cc:C3|                   ; 1 (1)       ; 0            ; 0          ; 0    ; 0            ; 1 (1)        ; 0 (0)             ; 0 (0)            ; 0 (0)           ; 0 (0)      ; |ALU16|cc:C3                        ; cc          ; work         ;
;    |cc:C4|                   ; 1 (1)       ; 0            ; 0          ; 0    ; 0            ; 1 (1)        ; 0 (0)             ; 0 (0)            ; 0 (0)           ; 0 (0)      ; |ALU16|cc:C4                        ; cc          ; work         ;
;    |cc:C5|                   ; 1 (1)       ; 0            ; 0          ; 0    ; 0            ; 1 (1)        ; 0 (0)             ; 0 (0)            ; 0 (0)           ; 0 (0)      ; |ALU16|cc:C5                        ; cc          ; work         ;
;    |cc:C6|                   ; 1 (1)       ; 0            ; 0          ; 0    ; 0            ; 1 (1)        ; 0 (0)             ; 0 (0)            ; 0 (0)           ; 0 (0)      ; |ALU16|cc:C6                        ; cc          ; work         ;
;    |cc:C7|                   ; 1 (1)       ; 0            ; 0          ; 0    ; 0            ; 1 (1)        ; 0 (0)             ; 0 (0)            ; 0 (0)           ; 0 (0)      ; |ALU16|cc:C7                        ; cc          ; work         ;
;    |cc:C8|                   ; 1 (1)       ; 0            ; 0          ; 0    ; 0            ; 1 (1)        ; 0 (0)             ; 0 (0)            ; 0 (0)           ; 0 (0)      ; |ALU16|cc:C8                        ; cc          ; work         ;
;    |cc:C9|                   ; 1 (1)       ; 0            ; 0          ; 0    ; 0            ; 1 (1)        ; 0 (0)             ; 0 (0)            ; 0 (0)           ; 0 (0)      ; |ALU16|cc:C9                        ; cc          ; work         ;
+------------------------------+-------------+--------------+------------+------+--------------+--------------+-------------------+------------------+-----------------+------------+-------------------------------------+-------------+--------------+
Note: For table entries with two numbers listed, the numbers in parentheses indicate the number of resources of the given type used by the specific entity alone. The numbers listed outside of parentheses indicate the total resources of the given type used by the specific entity and all of its sub-entities in the hierarchy.


+------------------------------------------------------+
; General Register Statistics                          ;
+----------------------------------------------+-------+
; Statistic                                    ; Value ;
+----------------------------------------------+-------+
; Total registers                              ; 0     ;
; Number of registers using Synchronous Clear  ; 0     ;
; Number of registers using Synchronous Load   ; 0     ;
; Number of registers using Asynchronous Clear ; 0     ;
; Number of registers using Asynchronous Load  ; 0     ;
; Number of registers using Clock Enable       ; 0     ;
; Number of registers using Preset             ; 0     ;
+----------------------------------------------+-------+


+----------------------------------------------------------------------------------------------------------------+
; Port Connectivity Checks: "alu:A15"                                                                            ;
+------+--------+----------+-------------------------------------------------------------------------------------+
; Port ; Type   ; Severity ; Details                                                                             ;
+------+--------+----------+-------------------------------------------------------------------------------------+
; cout ; Output ; Info     ; Connected to dangling logic. Logic that only feeds a dangling port will be removed. ;
+------+--------+----------+-------------------------------------------------------------------------------------+


+----------------------------------------------------------------------------------------------------------------+
; Port Connectivity Checks: "cc:C15"                                                                             ;
+------+--------+----------+-------------------------------------------------------------------------------------+
; Port ; Type   ; Severity ; Details                                                                             ;
+------+--------+----------+-------------------------------------------------------------------------------------+
; cin  ; Output ; Info     ; Connected to dangling logic. Logic that only feeds a dangling port will be removed. ;
+------+--------+----------+-------------------------------------------------------------------------------------+


+----------------------------------------------------------------------------------------------------------------+
; Port Connectivity Checks: "cc:C14"                                                                             ;
+------+--------+----------+-------------------------------------------------------------------------------------+
; Port ; Type   ; Severity ; Details                                                                             ;
+------+--------+----------+-------------------------------------------------------------------------------------+
; cin  ; Output ; Info     ; Connected to dangling logic. Logic that only feeds a dangling port will be removed. ;
+------+--------+----------+-------------------------------------------------------------------------------------+


+----------------------------------------------------------------------------------------------------------------+
; Port Connectivity Checks: "cc:C13"                                                                             ;
+------+--------+----------+-------------------------------------------------------------------------------------+
; Port ; Type   ; Severity ; Details                                                                             ;
+------+--------+----------+-------------------------------------------------------------------------------------+
; cin  ; Output ; Info     ; Connected to dangling logic. Logic that only feeds a dangling port will be removed. ;
+------+--------+----------+-------------------------------------------------------------------------------------+


+----------------------------------------------------------------------------------------------------------------+
; Port Connectivity Checks: "cc:C12"                                                                             ;
+------+--------+----------+-------------------------------------------------------------------------------------+
; Port ; Type   ; Severity ; Details                                                                             ;
+------+--------+----------+-------------------------------------------------------------------------------------+
; cin  ; Output ; Info     ; Connected to dangling logic. Logic that only feeds a dangling port will be removed. ;
+------+--------+----------+-------------------------------------------------------------------------------------+


+----------------------------------------------------------------------------------------------------------------+
; Port Connectivity Checks: "cc:C11"                                                                             ;
+------+--------+----------+-------------------------------------------------------------------------------------+
; Port ; Type   ; Severity ; Details                                                                             ;
+------+--------+----------+-------------------------------------------------------------------------------------+
; cin  ; Output ; Info     ; Connected to dangling logic. Logic that only feeds a dangling port will be removed. ;
+------+--------+----------+-------------------------------------------------------------------------------------+


+----------------------------------------------------------------------------------------------------------------+
; Port Connectivity Checks: "cc:C10"                                                                             ;
+------+--------+----------+-------------------------------------------------------------------------------------+
; Port ; Type   ; Severity ; Details                                                                             ;
+------+--------+----------+-------------------------------------------------------------------------------------+
; cin  ; Output ; Info     ; Connected to dangling logic. Logic that only feeds a dangling port will be removed. ;
+------+--------+----------+-------------------------------------------------------------------------------------+


+----------------------------------------------------------------------------------------------------------------+
; Port Connectivity Checks: "cc:C9"                                                                              ;
+------+--------+----------+-------------------------------------------------------------------------------------+
; Port ; Type   ; Severity ; Details                                                                             ;
+------+--------+----------+-------------------------------------------------------------------------------------+
; cin  ; Output ; Info     ; Connected to dangling logic. Logic that only feeds a dangling port will be removed. ;
+------+--------+----------+-------------------------------------------------------------------------------------+


+----------------------------------------------------------------------------------------------------------------+
; Port Connectivity Checks: "cc:C8"                                                                              ;
+------+--------+----------+-------------------------------------------------------------------------------------+
; Port ; Type   ; Severity ; Details                                                                             ;
+------+--------+----------+-------------------------------------------------------------------------------------+
; cin  ; Output ; Info     ; Connected to dangling logic. Logic that only feeds a dangling port will be removed. ;
+------+--------+----------+-------------------------------------------------------------------------------------+


+----------------------------------------------------------------------------------------------------------------+
; Port Connectivity Checks: "cc:C7"                                                                              ;
+------+--------+----------+-------------------------------------------------------------------------------------+
; Port ; Type   ; Severity ; Details                                                                             ;
+------+--------+----------+-------------------------------------------------------------------------------------+
; cin  ; Output ; Info     ; Connected to dangling logic. Logic that only feeds a dangling port will be removed. ;
+------+--------+----------+-------------------------------------------------------------------------------------+


+----------------------------------------------------------------------------------------------------------------+
; Port Connectivity Checks: "cc:C6"                                                                              ;
+------+--------+----------+-------------------------------------------------------------------------------------+
; Port ; Type   ; Severity ; Details                                                                             ;
+------+--------+----------+-------------------------------------------------------------------------------------+
; cin  ; Output ; Info     ; Connected to dangling logic. Logic that only feeds a dangling port will be removed. ;
+------+--------+----------+-------------------------------------------------------------------------------------+


+----------------------------------------------------------------------------------------------------------------+
; Port Connectivity Checks: "cc:C5"                                                                              ;
+------+--------+----------+-------------------------------------------------------------------------------------+
; Port ; Type   ; Severity ; Details                                                                             ;
+------+--------+----------+-------------------------------------------------------------------------------------+
; cin  ; Output ; Info     ; Connected to dangling logic. Logic that only feeds a dangling port will be removed. ;
+------+--------+----------+-------------------------------------------------------------------------------------+


+----------------------------------------------------------------------------------------------------------------+
; Port Connectivity Checks: "cc:C4"                                                                              ;
+------+--------+----------+-------------------------------------------------------------------------------------+
; Port ; Type   ; Severity ; Details                                                                             ;
+------+--------+----------+-------------------------------------------------------------------------------------+
; cin  ; Output ; Info     ; Connected to dangling logic. Logic that only feeds a dangling port will be removed. ;
+------+--------+----------+-------------------------------------------------------------------------------------+


+----------------------------------------------------------------------------------------------------------------+
; Port Connectivity Checks: "cc:C3"                                                                              ;
+------+--------+----------+-------------------------------------------------------------------------------------+
; Port ; Type   ; Severity ; Details                                                                             ;
+------+--------+----------+-------------------------------------------------------------------------------------+
; cin  ; Output ; Info     ; Connected to dangling logic. Logic that only feeds a dangling port will be removed. ;
+------+--------+----------+-------------------------------------------------------------------------------------+


+----------------------------------------------------------------------------------------------------------------+
; Port Connectivity Checks: "cc:C2"                                                                              ;
+------+--------+----------+-------------------------------------------------------------------------------------+
; Port ; Type   ; Severity ; Details                                                                             ;
+------+--------+----------+-------------------------------------------------------------------------------------+
; cin  ; Output ; Info     ; Connected to dangling logic. Logic that only feeds a dangling port will be removed. ;
+------+--------+----------+-------------------------------------------------------------------------------------+


+----------------------------------------------------------------------------------------------------------------+
; Port Connectivity Checks: "cc:C1"                                                                              ;
+------+--------+----------+-------------------------------------------------------------------------------------+
; Port ; Type   ; Severity ; Details                                                                             ;
+------+--------+----------+-------------------------------------------------------------------------------------+
; cin  ; Output ; Info     ; Connected to dangling logic. Logic that only feeds a dangling port will be removed. ;
+------+--------+----------+-------------------------------------------------------------------------------------+


+-------------------------------+
; Analysis & Synthesis Messages ;
+-------------------------------+
Info: *******************************************************************
Info: Running Quartus Prime Analysis & Synthesis
    Info: Version 19.1.0 Build 670 09/22/2019 SJ Lite Edition
    Info: Processing started: Tue May 30 10:57:19 2023
Info: Command: quartus_map --read_settings_files=on --write_settings_files=off P2 -c ALU16
Warning (18236): Number of processors has not been specified which may cause overloading on shared machines.  Set the global assignment NUM_PARALLEL_PROCESSORS in your QSF to an appropriate value for best performance.
Info (20030): Parallel compilation is enabled and will use 2 of the 2 processors detected
Info (12021): Found 2 design units, including 1 entities, in source file ALU16.vhd
    Info (12022): Found design unit 1: ALU16-behofALU16 File: /home/ubuntu/QuartusProjects/Task2/P2/ALU16.vhd Line: 16
    Info (12023): Found entity 1: ALU16 File: /home/ubuntu/QuartusProjects/Task2/P2/ALU16.vhd Line: 7
Info (12021): Found 17 design units, including 8 entities, in source file my_components.vhd
    Info (12022): Found design unit 1: and_2-beh_and_2 File: /home/ubuntu/QuartusProjects/Task2/P2/my_components.vhd Line: 10
    Info (12022): Found design unit 2: or_2-beh_or_2 File: /home/ubuntu/QuartusProjects/Task2/P2/my_components.vhd Line: 24
    Info (12022): Found design unit 3: xor_2-beh_xor_2 File: /home/ubuntu/QuartusProjects/Task2/P2/my_components.vhd Line: 38
    Info (12022): Found design unit 4: adder1bit-beh_adder File: /home/ubuntu/QuartusProjects/Task2/P2/my_components.vhd Line: 52
    Info (12022): Found design unit 5: mul_X_Xinv-beh_mul_X_Xinv File: /home/ubuntu/QuartusProjects/Task2/P2/my_components.vhd Line: 67
    Info (12022): Found design unit 6: mul_4-beh_mul_4 File: /home/ubuntu/QuartusProjects/Task2/P2/my_components.vhd Line: 84
    Info (12022): Found design unit 7: alu-beh_alu File: /home/ubuntu/QuartusProjects/Task2/P2/my_components.vhd Line: 104
    Info (12022): Found design unit 8: cc-decode File: /home/ubuntu/QuartusProjects/Task2/P2/my_components.vhd Line: 159
    Info (12022): Found design unit 9: my_components File: /home/ubuntu/QuartusProjects/Task2/P2/my_components.vhd Line: 180
    Info (12023): Found entity 1: and_2 File: /home/ubuntu/QuartusProjects/Task2/P2/my_components.vhd Line: 5
    Info (12023): Found entity 2: or_2 File: /home/ubuntu/QuartusProjects/Task2/P2/my_components.vhd Line: 19
    Info (12023): Found entity 3: xor_2 File: /home/ubuntu/QuartusProjects/Task2/P2/my_components.vhd Line: 33
    Info (12023): Found entity 4: adder1bit File: /home/ubuntu/QuartusProjects/Task2/P2/my_components.vhd Line: 47
    Info (12023): Found entity 5: mul_X_Xinv File: /home/ubuntu/QuartusProjects/Task2/P2/my_components.vhd Line: 62
    Info (12023): Found entity 6: mul_4 File: /home/ubuntu/QuartusProjects/Task2/P2/my_components.vhd Line: 78
    Info (12023): Found entity 7: alu File: /home/ubuntu/QuartusProjects/Task2/P2/my_components.vhd Line: 97
    Info (12023): Found entity 8: cc File: /home/ubuntu/QuartusProjects/Task2/P2/my_components.vhd Line: 153
Info (12127): Elaborating entity "ALU16" for the top level hierarchy
Warning (10541): VHDL Signal Declaration warning at ALU16.vhd(13): used implicit default value for signal "cout" because signal was never assigned a value or an explicit default value. Use of implicit default value may introduce unintended design optimizations. File: /home/ubuntu/QuartusProjects/Task2/P2/ALU16.vhd Line: 13
Warning (10541): VHDL Signal Declaration warning at ALU16.vhd(13): used implicit default value for signal "overflow" because signal was never assigned a value or an explicit default value. Use of implicit default value may introduce unintended design optimizations. File: /home/ubuntu/QuartusProjects/Task2/P2/ALU16.vhd Line: 13
Info (12128): Elaborating entity "cc" for hierarchy "cc:C0" File: /home/ubuntu/QuartusProjects/Task2/P2/ALU16.vhd Line: 21
Info (12128): Elaborating entity "alu" for hierarchy "alu:A0" File: /home/ubuntu/QuartusProjects/Task2/P2/ALU16.vhd Line: 22
Info (12128): Elaborating entity "mul_X_Xinv" for hierarchy "alu:A0|mul_X_Xinv:mulA" File: /home/ubuntu/QuartusProjects/Task2/P2/my_components.vhd Line: 140
Info (12128): Elaborating entity "and_2" for hierarchy "alu:A0|and_2:AND_gate" File: /home/ubuntu/QuartusProjects/Task2/P2/my_components.vhd Line: 142
Info (12128): Elaborating entity "or_2" for hierarchy "alu:A0|or_2:OR_gate" File: /home/ubuntu/QuartusProjects/Task2/P2/my_components.vhd Line: 143
Info (12128): Elaborating entity "xor_2" for hierarchy "alu:A0|xor_2:XOR_gate" File: /home/ubuntu/QuartusProjects/Task2/P2/my_components.vhd Line: 144
Info (12128): Elaborating entity "adder1bit" for hierarchy "alu:A0|adder1bit:Adder_1bit" File: /home/ubuntu/QuartusProjects/Task2/P2/my_components.vhd Line: 145
Info (12128): Elaborating entity "mul_4" for hierarchy "alu:A0|mul_4:Output_Mux" File: /home/ubuntu/QuartusProjects/Task2/P2/my_components.vhd Line: 146
Warning (13024): Output pins are stuck at VCC or GND
    Warning (13410): Pin "cout" is stuck at GND File: /home/ubuntu/QuartusProjects/Task2/P2/ALU16.vhd Line: 13
    Warning (13410): Pin "overflow" is stuck at GND File: /home/ubuntu/QuartusProjects/Task2/P2/ALU16.vhd Line: 13
Info (21057): Implemented 208 device resources after synthesis - the final resource count might be different
    Info (21058): Implemented 80 input pins
    Info (21059): Implemented 18 output pins
    Info (21061): Implemented 110 logic cells
Info: Quartus Prime Analysis & Synthesis was successful. 0 errors, 6 warnings
    Info: Peak virtual memory: 898 megabytes
    Info: Processing ended: Tue May 30 10:57:30 2023
    Info: Elapsed time: 00:00:11
    Info: Total CPU time (on all processors): 00:00:15


